[INFO] 2015-06-03 00:05:43,418 ltg.evl.uic.poster.PosterMain setup - DISPLAY WIDTH: 1280 DISPLAY HEIGHT: 800
[INFO] 2015-06-03 00:05:44,636 ltg.evl.uic.poster.PosterMain setup - DISPLAY WIDTH: 1280 DISPLAY HEIGHT: 800
[INFO] 2015-06-03 00:05:45,147 ltg.evl.uic.poster.util.RESTHelper getAllCollectionRequests - STARTING ALL COLLECTIONS FETCH
[INFO] 2015-06-03 00:05:45,974 ltg.evl.uic.poster.util.RESTHelper onSuccess - STARTING ALL REST DONE START INIT
[INFO] 2015-06-03 00:05:45,975 ltg.evl.uic.poster.util.RESTHelper parseAllResponse - PROCESSING USER RESPONSE
[INFO] 2015-06-03 00:05:46,036 ltg.evl.uic.poster.util.RESTHelper parseAllResponse - PROCESSING POSTER RESPONSE
[INFO] 2015-06-03 00:05:46,084 ltg.evl.uic.poster.util.RESTHelper parseAllResponse - PROCESSING POSTER_ITEM RESPONSE
[INFO] 2015-06-03 00:05:46,477 ltg.evl.uic.poster.json.mongo.PosterDataModel updateAllPosterItemsCollection - UPDATING ALL POSTER_ITEMS found DUP: not set yet
[INFO] 2015-06-03 00:05:46,592 ltg.evl.uic.poster.json.mongo.PosterDataModel updateAllPosterItemsCollection - UPDATING ALL POSTER_ITEMS found DUP: not set yet
[INFO] 2015-06-03 00:05:48,029 ltg.evl.uic.poster.PosterMain logTouches - current time: 1433307948029 nano time: 229185926681362 touch: id: 0
source: MOUSE
raw x,y: 0.63, 0.48
fitted getX,Y: 812.00, 382.00
rounded : 812, 382
[INFO] 2015-06-03 00:05:48,050 ltg.evl.uic.poster.PosterMain logTouches - current time: 1433307948050 nano time: 229185947622156 touch: id: 0
source: MOUSE
raw x,y: 0.63, 0.48
fitted getX,Y: 812.00, 382.00
rounded : 812, 382
[INFO] 2015-06-03 00:05:48,083 ltg.evl.uic.poster.PosterMain logTouches - current time: 1433307948083 nano time: 229185980489853 touch: id: 0
source: MOUSE
raw x,y: 0.63, 0.48
fitted getX,Y: 809.00, 382.00
rounded : 809, 382
[INFO] 2015-06-03 00:05:48,100 ltg.evl.uic.poster.PosterMain logTouches - current time: 1433307948100 nano time: 229185998169009 touch: id: 0
source: MOUSE
raw x,y: 0.63, 0.48
fitted getX,Y: 809.00, 382.00
rounded : 809, 382
[INFO] 2015-06-03 00:05:48,119 ltg.evl.uic.poster.PosterMain logTouches - current time: 1433307948119 nano time: 229186016848297 touch: id: 0
source: MOUSE
raw x,y: 0.63, 0.48
fitted getX,Y: 809.00, 382.00
rounded : 809, 382
[INFO] 2015-06-03 00:05:48,157 ltg.evl.uic.poster.PosterMain loadClassEvent - ClassLoaded: test
[INFO] 2015-06-03 00:05:49,813 ltg.evl.uic.poster.PosterMain logTouches - current time: 1433307949813 nano time: 229187710961012 touch: id: 0
source: MOUSE
raw x,y: 0.64, 0.34
fitted getX,Y: 816.00, 273.00
rounded : 816, 273
[INFO] 2015-06-03 00:05:49,867 ltg.evl.uic.poster.PosterMain logTouches - current time: 1433307949867 nano time: 229187765001786 touch: id: 0
source: MOUSE
raw x,y: 0.64, 0.34
fitted getX,Y: 816.00, 273.00
rounded : 816, 273
[INFO] 2015-06-03 00:05:49,918 ltg.evl.uic.poster.PosterMain logTouches - current time: 1433307949918 nano time: 229187815501460 touch: id: 0
source: MOUSE
raw x,y: 0.64, 0.34
fitted getX,Y: 816.00, 273.00
rounded : 816, 273
[INFO] 2015-06-03 00:05:49,994 ltg.evl.uic.poster.json.mongo.PosterDataModel loadUser - LOADING USER: 552b01ee671cc17d54000000-gruser
[INFO] 2015-06-03 00:05:49,995 ltg.evl.uic.poster.PosterMain loadUserEvent - UserLoaded: 552b01ee671cc17d54000000-gruser
[INFO] 2015-06-03 00:05:50,877 ltg.evl.uic.poster.PosterMain logTouches - current time: 1433307950877 nano time: 229188774823141 touch: id: 0
source: MOUSE
raw x,y: 0.51, 0.61
fitted getX,Y: 650.00, 484.00
rounded : 650, 484
[INFO] 2015-06-03 00:05:50,901 ltg.evl.uic.poster.PosterMain logTouches - current time: 1433307950901 nano time: 229188798325640 touch: id: 0
source: MOUSE
raw x,y: 0.51, 0.61
fitted getX,Y: 650.00, 484.00
rounded : 650, 484
[INFO] 2015-06-03 00:05:50,918 ltg.evl.uic.poster.PosterMain logTouches - current time: 1433307950918 nano time: 229188815323308 touch: id: 0
source: MOUSE
raw x,y: 0.51, 0.61
fitted getX,Y: 650.00, 484.00
rounded : 650, 484
[INFO] 2015-06-03 00:05:50,933 ltg.evl.uic.poster.PosterMain logTouches - current time: 1433307950933 nano time: 229188831096265 touch: id: 0
source: MOUSE
raw x,y: 0.51, 0.61
fitted getX,Y: 650.00, 484.00
rounded : 650, 484
[INFO] 2015-06-03 00:05:50,953 ltg.evl.uic.poster.PosterMain logTouches - current time: 1433307950953 nano time: 229188850712413 touch: id: 0
source: MOUSE
raw x,y: 0.51, 0.61
fitted getX,Y: 650.00, 484.00
rounded : 650, 484
[INFO] 2015-06-03 00:05:50,972 ltg.evl.uic.poster.PosterMain logTouches - current time: 1433307950972 nano time: 229188869605381 touch: id: 0
source: MOUSE
raw x,y: 0.51, 0.61
fitted getX,Y: 650.00, 484.00
rounded : 650, 484
[INFO] 2015-06-03 00:05:50,985 ltg.evl.uic.poster.PosterMain logTouches - current time: 1433307950985 nano time: 229188882345799 touch: id: 0
source: MOUSE
raw x,y: 0.51, 0.61
fitted getX,Y: 650.00, 484.00
rounded : 650, 484
[INFO] 2015-06-03 00:05:51,008 ltg.evl.uic.poster.json.mongo.PosterDataModel loadPoster - LOADING POSTER: 552b01ee671cc17d54000000-poster
[INFO] 2015-06-03 00:05:51,009 ltg.evl.uic.poster.PosterMain loadPosterEvent - PosterLoaded: 552b01ee671cc17d54000000-poster
[INFO] 2015-06-03 00:05:52,228 ltg.evl.uic.poster.PosterMain logTouches - current time: 1433307952228 nano time: 229190125895708 touch: id: 0
source: MOUSE
raw x,y: 0.22, 0.22
fitted getX,Y: 278.00, 180.00
rounded : 278, 180
[INFO] 2015-06-03 00:05:52,267 ltg.evl.uic.poster.PosterMain logTouches - current time: 1433307952267 nano time: 229190164749672 touch: id: 0
source: MOUSE
raw x,y: 0.22, 0.22
fitted getX,Y: 278.00, 180.00
rounded : 278, 180
[INFO] 2015-06-03 00:05:52,282 ltg.evl.uic.poster.widgets.VideoZone touch - TOUCHED PZ: 556e0b13e1b8325b25001388
[INFO] 2015-06-03 00:05:52,302 ltg.evl.uic.poster.PosterMain logTouches - current time: 1433307952302 nano time: 229190199576962 touch: id: 0
source: MOUSE
raw x,y: 0.22, 0.22
fitted getX,Y: 278.00, 180.00
rounded : 278, 180
[INFO] 2015-06-03 00:05:52,306 ltg.evl.uic.poster.widgets.VideoZone touch - TOUCHED PZ: 556e0b13e1b8325b25001388
[INFO] 2015-06-03 00:05:52,318 ltg.evl.uic.poster.PosterMain logTouches - current time: 1433307952318 nano time: 229190215876316 touch: id: 0
source: MOUSE
raw x,y: 0.22, 0.22
fitted getX,Y: 278.00, 180.00
rounded : 278, 180
[INFO] 2015-06-03 00:05:52,322 ltg.evl.uic.poster.widgets.VideoZone touch - TOUCHED PZ: 556e0b13e1b8325b25001388
[INFO] 2015-06-03 00:05:52,338 ltg.evl.uic.poster.PosterMain logTouches - current time: 1433307952338 nano time: 229190235708235 touch: id: 0
source: MOUSE
raw x,y: 0.22, 0.22
fitted getX,Y: 278.00, 180.00
rounded : 278, 180
[INFO] 2015-06-03 00:05:52,342 ltg.evl.uic.poster.widgets.VideoZone touch - TOUCHED PZ: 556e0b13e1b8325b25001388
[INFO] 2015-06-03 00:05:53,228 ltg.evl.uic.poster.PosterMain logTouches - current time: 1433307953228 nano time: 229191126187032 touch: id: 0
source: MOUSE
raw x,y: 0.22, 0.22
fitted getX,Y: 278.00, 180.00
rounded : 278, 180
[INFO] 2015-06-03 00:05:53,251 ltg.evl.uic.poster.PosterMain logTouches - current time: 1433307953251 nano time: 229191148865017 touch: id: 0
source: MOUSE
raw x,y: 0.22, 0.22
fitted getX,Y: 278.00, 180.00
rounded : 278, 180
[INFO] 2015-06-03 00:05:53,270 ltg.evl.uic.poster.PosterMain logTouches - current time: 1433307953270 nano time: 229191167487920 touch: id: 0
source: MOUSE
raw x,y: 0.22, 0.22
fitted getX,Y: 278.00, 180.00
rounded : 278, 180
[INFO] 2015-06-03 00:05:53,289 ltg.evl.uic.poster.PosterMain logTouches - current time: 1433307953289 nano time: 229191187029357 touch: id: 0
source: MOUSE
raw x,y: 0.22, 0.22
fitted getX,Y: 278.00, 180.00
rounded : 278, 180
[INFO] 2015-06-03 00:05:53,319 ltg.evl.uic.poster.PosterMain logTouches - current time: 1433307953318 nano time: 229191216209536 touch: id: 0
source: MOUSE
raw x,y: 0.22, 0.22
fitted getX,Y: 278.00, 180.00
rounded : 278, 180
[INFO] 2015-06-03 00:05:53,335 ltg.evl.uic.poster.PosterMain logTouches - current time: 1433307953335 nano time: 229191233102545 touch: id: 0
source: MOUSE
raw x,y: 0.22, 0.22
fitted getX,Y: 278.00, 180.00
rounded : 278, 180
[INFO] 2015-06-03 00:05:58,211 ltg.evl.uic.poster.PosterMain logTouches - current time: 1433307958211 nano time: 229196108933426 touch: id: 0
source: MOUSE
raw x,y: 0.45, 0.31
fitted getX,Y: 578.00, 248.00
rounded : 578, 248
[INFO] 2015-06-03 00:05:58,231 ltg.evl.uic.poster.PosterMain logTouches - current time: 1433307958231 nano time: 229196128575701 touch: id: 0
source: MOUSE
raw x,y: 0.45, 0.31
fitted getX,Y: 578.00, 248.00
rounded : 578, 248
[INFO] 2015-06-03 00:05:58,262 ltg.evl.uic.poster.PosterMain logTouches - current time: 1433307958262 nano time: 229196159785154 touch: id: 0
source: MOUSE
raw x,y: 0.45, 0.31
fitted getX,Y: 578.00, 248.00
rounded : 578, 248
[INFO] 2015-06-03 00:05:58,277 ltg.evl.uic.poster.PosterMain logTouches - current time: 1433307958277 nano time: 229196174720244 touch: id: 0
source: MOUSE
raw x,y: 0.45, 0.31
fitted getX,Y: 578.00, 248.00
rounded : 578, 248
[INFO] 2015-06-03 00:05:58,948 ltg.evl.uic.poster.PosterMain logTouches - current time: 1433307958948 nano time: 229196846103248 touch: id: 0
source: MOUSE
raw x,y: 0.20, 0.24
fitted getX,Y: 260.00, 192.00
rounded : 260, 192
[INFO] 2015-06-03 00:05:58,987 ltg.evl.uic.poster.PosterMain logTouches - current time: 1433307958987 nano time: 229196884685419 touch: id: 0
source: MOUSE
raw x,y: 0.20, 0.24
fitted getX,Y: 260.00, 192.00
rounded : 260, 192
[INFO] 2015-06-03 00:05:58,999 ltg.evl.uic.poster.widgets.VideoZone touch - TOUCHED PZ: 556e0b13e1b8325b25001388
[INFO] 2015-06-03 00:05:59,022 ltg.evl.uic.poster.PosterMain logTouches - current time: 1433307959022 nano time: 229196919433328 touch: id: 0
source: MOUSE
raw x,y: 0.20, 0.24
fitted getX,Y: 260.00, 192.00
rounded : 260, 192
[INFO] 2015-06-03 00:05:59,026 ltg.evl.uic.poster.widgets.VideoZone touch - TOUCHED PZ: 556e0b13e1b8325b25001388
[INFO] 2015-06-03 00:05:59,114 ltg.evl.uic.poster.PosterMain logTouches - current time: 1433307959114 nano time: 229197011927847 touch: id: 0
source: MOUSE
raw x,y: 0.20, 0.24
fitted getX,Y: 260.00, 192.00
rounded : 260, 192
[INFO] 2015-06-03 00:05:59,125 ltg.evl.uic.poster.PosterMain logTouches - current time: 1433307959125 nano time: 229197022490317 touch: id: 0
source: MOUSE
raw x,y: 0.20, 0.24
fitted getX,Y: 260.00, 192.00
rounded : 260, 192
[INFO] 2015-06-03 00:05:59,143 ltg.evl.uic.poster.PosterMain logTouches - current time: 1433307959143 nano time: 229197040338249 touch: id: 0
source: MOUSE
raw x,y: 0.20, 0.24
fitted getX,Y: 260.00, 192.00
rounded : 260, 192
[INFO] 2015-06-03 00:05:59,161 ltg.evl.uic.poster.PosterMain logTouches - current time: 1433307959161 nano time: 229197058785683 touch: id: 0
source: MOUSE
raw x,y: 0.20, 0.24
fitted getX,Y: 260.00, 192.00
rounded : 260, 192
[INFO] 2015-06-03 00:05:59,181 ltg.evl.uic.poster.PosterMain logTouches - current time: 1433307959181 nano time: 229197078889876 touch: id: 0
source: MOUSE
raw x,y: 0.20, 0.24
fitted getX,Y: 260.00, 192.00
rounded : 260, 192
[INFO] 2015-06-03 00:05:59,198 ltg.evl.uic.poster.PosterMain logTouches - current time: 1433307959198 nano time: 229197096160466 touch: id: 0
source: MOUSE
raw x,y: 0.20, 0.24
fitted getX,Y: 260.00, 192.00
rounded : 260, 192
[INFO] 2015-06-03 00:08:47,181 ltg.evl.uic.poster.PosterMain setup - DISPLAY WIDTH: 1280 DISPLAY HEIGHT: 800
[INFO] 2015-06-03 00:08:48,521 ltg.evl.uic.poster.PosterMain setup - DISPLAY WIDTH: 1280 DISPLAY HEIGHT: 800
[INFO] 2015-06-03 00:08:49,074 ltg.evl.uic.poster.util.RESTHelper getAllCollectionRequests - STARTING ALL COLLECTIONS FETCH
[INFO] 2015-06-03 00:08:49,786 ltg.evl.uic.poster.util.RESTHelper onSuccess - STARTING ALL REST DONE START INIT
[INFO] 2015-06-03 00:08:49,787 ltg.evl.uic.poster.util.RESTHelper parseAllResponse - PROCESSING USER RESPONSE
[INFO] 2015-06-03 00:08:49,846 ltg.evl.uic.poster.util.RESTHelper parseAllResponse - PROCESSING POSTER RESPONSE
[INFO] 2015-06-03 00:08:49,893 ltg.evl.uic.poster.util.RESTHelper parseAllResponse - PROCESSING POSTER_ITEM RESPONSE
[INFO] 2015-06-03 00:08:50,208 ltg.evl.uic.poster.json.mongo.PosterDataModel updateAllPosterItemsCollection - UPDATING ALL POSTER_ITEMS found DUP: not set yet
[INFO] 2015-06-03 00:08:50,309 ltg.evl.uic.poster.json.mongo.PosterDataModel updateAllPosterItemsCollection - UPDATING ALL POSTER_ITEMS found DUP: not set yet
[INFO] 2015-06-03 00:08:51,744 ltg.evl.uic.poster.PosterMain logTouches - current time: 1433308131744 nano time: 229369640443341 touch: id: 0
source: MOUSE
raw x,y: 0.64, 0.52
fitted getX,Y: 820.00, 415.00
rounded : 820, 415
[INFO] 2015-06-03 00:08:51,770 ltg.evl.uic.poster.PosterMain logTouches - current time: 1433308131770 nano time: 229369666836999 touch: id: 0
source: MOUSE
raw x,y: 0.64, 0.52
fitted getX,Y: 820.00, 415.00
rounded : 820, 415
[INFO] 2015-06-03 00:08:51,787 ltg.evl.uic.poster.PosterMain logTouches - current time: 1433308131787 nano time: 229369683747082 touch: id: 0
source: MOUSE
raw x,y: 0.64, 0.52
fitted getX,Y: 820.00, 415.00
rounded : 820, 415
[INFO] 2015-06-03 00:08:51,812 ltg.evl.uic.poster.PosterMain loadClassEvent - ClassLoaded: test
[INFO] 2015-06-03 00:08:53,528 ltg.evl.uic.poster.PosterMain logTouches - current time: 1433308133528 nano time: 229371424604977 touch: id: 0
source: MOUSE
raw x,y: 0.59, 0.25
fitted getX,Y: 752.00, 201.00
rounded : 752, 201
[INFO] 2015-06-03 00:08:53,571 ltg.evl.uic.poster.PosterMain logTouches - current time: 1433308133571 nano time: 229371466989670 touch: id: 0
source: MOUSE
raw x,y: 0.59, 0.25
fitted getX,Y: 752.00, 201.00
rounded : 752, 201
[INFO] 2015-06-03 00:08:54,279 ltg.evl.uic.poster.PosterMain logTouches - current time: 1433308134279 nano time: 229372175426661 touch: id: 0
source: MOUSE
raw x,y: 0.58, 0.29
fitted getX,Y: 738.00, 234.00
rounded : 738, 234
[INFO] 2015-06-03 00:08:54,319 ltg.evl.uic.poster.PosterMain logTouches - current time: 1433308134319 nano time: 229372215891243 touch: id: 0
source: MOUSE
raw x,y: 0.58, 0.29
fitted getX,Y: 738.00, 234.00
rounded : 738, 234
[INFO] 2015-06-03 00:08:54,400 ltg.evl.uic.poster.json.mongo.PosterDataModel loadUser - LOADING USER: 552b01ee671cc17d54000000-gruser
[INFO] 2015-06-03 00:08:54,400 ltg.evl.uic.poster.PosterMain loadUserEvent - UserLoaded: 552b01ee671cc17d54000000-gruser
[INFO] 2015-06-03 00:08:55,214 ltg.evl.uic.poster.PosterMain logTouches - current time: 1433308135214 nano time: 229373110816532 touch: id: 0
source: MOUSE
raw x,y: 0.55, 0.52
fitted getX,Y: 703.00, 415.00
rounded : 703, 415
[INFO] 2015-06-03 00:08:55,237 ltg.evl.uic.poster.PosterMain logTouches - current time: 1433308135237 nano time: 229373133639121 touch: id: 0
source: MOUSE
raw x,y: 0.55, 0.52
fitted getX,Y: 703.00, 415.00
rounded : 703, 415
[INFO] 2015-06-03 00:08:55,254 ltg.evl.uic.poster.PosterMain logTouches - current time: 1433308135254 nano time: 229373150694695 touch: id: 0
source: MOUSE
raw x,y: 0.55, 0.52
fitted getX,Y: 703.00, 415.00
rounded : 703, 415
[INFO] 2015-06-03 00:08:55,272 ltg.evl.uic.poster.PosterMain logTouches - current time: 1433308135272 nano time: 229373168041328 touch: id: 0
source: MOUSE
raw x,y: 0.55, 0.52
fitted getX,Y: 703.00, 415.00
rounded : 703, 415
[INFO] 2015-06-03 00:08:55,291 ltg.evl.uic.poster.PosterMain logTouches - current time: 1433308135291 nano time: 229373187025428 touch: id: 0
source: MOUSE
raw x,y: 0.55, 0.52
fitted getX,Y: 703.00, 415.00
rounded : 703, 415
[INFO] 2015-06-03 00:08:55,310 ltg.evl.uic.poster.PosterMain logTouches - current time: 1433308135310 nano time: 229373205931927 touch: id: 0
source: MOUSE
raw x,y: 0.55, 0.52
fitted getX,Y: 703.00, 415.00
rounded : 703, 415
[INFO] 2015-06-03 00:08:55,323 ltg.evl.uic.poster.PosterMain logTouches - current time: 1433308135323 nano time: 229373219260387 touch: id: 0
source: MOUSE
raw x,y: 0.55, 0.52
fitted getX,Y: 703.00, 415.00
rounded : 703, 415
[INFO] 2015-06-03 00:08:55,345 ltg.evl.uic.poster.json.mongo.PosterDataModel loadPoster - LOADING POSTER: 552b01ee671cc17d54000000-poster
[INFO] 2015-06-03 00:08:55,345 ltg.evl.uic.poster.PosterMain loadPosterEvent - PosterLoaded: 552b01ee671cc17d54000000-poster
[INFO] 2015-06-03 00:08:56,680 ltg.evl.uic.poster.PosterMain logTouches - current time: 1433308136680 nano time: 229374576684263 touch: id: 0
source: MOUSE
raw x,y: 0.20, 0.20
fitted getX,Y: 258.00, 164.00
rounded : 258, 164
[INFO] 2015-06-03 00:08:56,691 ltg.evl.uic.poster.PosterMain logTouches - current time: 1433308136691 nano time: 229374587118721 touch: id: 0
source: MOUSE
raw x,y: 0.20, 0.20
fitted getX,Y: 258.00, 164.00
rounded : 258, 164
[INFO] 2015-06-03 00:08:56,694 ltg.evl.uic.poster.widgets.VideoZone touch - TOUCHED PZ: 556e0b13e1b8325b25001388
[INFO] 2015-06-03 00:08:56,710 ltg.evl.uic.poster.PosterMain logTouches - current time: 1433308136710 nano time: 229374606056395 touch: id: 0
source: MOUSE
raw x,y: 0.20, 0.20
fitted getX,Y: 258.00, 164.00
rounded : 258, 164
[INFO] 2015-06-03 00:08:56,712 ltg.evl.uic.poster.widgets.VideoZone touch - TOUCHED PZ: 556e0b13e1b8325b25001388
[INFO] 2015-06-03 00:08:56,725 ltg.evl.uic.poster.PosterMain logTouches - current time: 1433308136725 nano time: 229374621733811 touch: id: 0
source: MOUSE
raw x,y: 0.20, 0.20
fitted getX,Y: 258.00, 164.00
rounded : 258, 164
[INFO] 2015-06-03 00:08:56,728 ltg.evl.uic.poster.widgets.VideoZone touch - TOUCHED PZ: 556e0b13e1b8325b25001388
[INFO] 2015-06-03 00:08:56,742 ltg.evl.uic.poster.PosterMain logTouches - current time: 1433308136742 nano time: 229374637979629 touch: id: 0
source: MOUSE
raw x,y: 0.20, 0.20
fitted getX,Y: 258.00, 164.00
rounded : 258, 164
[INFO] 2015-06-03 00:08:56,745 ltg.evl.uic.poster.widgets.VideoZone touch - TOUCHED PZ: 556e0b13e1b8325b25001388
[INFO] 2015-06-03 00:08:56,759 ltg.evl.uic.poster.PosterMain logTouches - current time: 1433308136759 nano time: 229374655078690 touch: id: 0
source: MOUSE
raw x,y: 0.20, 0.20
fitted getX,Y: 258.00, 164.00
rounded : 258, 164
[INFO] 2015-06-03 00:08:56,762 ltg.evl.uic.poster.widgets.VideoZone touch - TOUCHED PZ: 556e0b13e1b8325b25001388
[INFO] 2015-06-03 00:09:00,497 ltg.evl.uic.poster.PosterMain logTouches - current time: 1433308140497 nano time: 229378393385085 touch: id: 0
source: MOUSE
raw x,y: 0.26, 0.26
fitted getX,Y: 338.00, 210.00
rounded : 338, 210
[INFO] 2015-06-03 00:09:00,510 ltg.evl.uic.poster.PosterMain logTouches - current time: 1433308140510 nano time: 229378406651532 touch: id: 0
source: MOUSE
raw x,y: 0.26, 0.26
fitted getX,Y: 338.00, 210.00
rounded : 338, 210
[INFO] 2015-06-03 00:09:00,532 ltg.evl.uic.poster.PosterMain logTouches - current time: 1433308140532 nano time: 229378428301669 touch: id: 0
source: MOUSE
raw x,y: 0.26, 0.26
fitted getX,Y: 338.00, 210.00
rounded : 338, 210
[INFO] 2015-06-03 00:09:00,549 ltg.evl.uic.poster.PosterMain logTouches - current time: 1433308140549 nano time: 229378445719602 touch: id: 0
source: MOUSE
raw x,y: 0.26, 0.26
fitted getX,Y: 338.00, 210.00
rounded : 338, 210
[INFO] 2015-06-03 00:09:02,185 ltg.evl.uic.poster.PosterMain logTouches - current time: 1433308142185 nano time: 229380081052293 touch: id: 0
source: MOUSE
raw x,y: 0.22, 0.24
fitted getX,Y: 282.00, 189.00
rounded : 282, 189
[INFO] 2015-06-03 00:09:02,192 ltg.evl.uic.poster.PosterMain logTouches - current time: 1433308142192 nano time: 229380088763913 touch: id: 0
source: MOUSE
raw x,y: 0.22, 0.24
fitted getX,Y: 282.00, 189.00
rounded : 282, 189
[INFO] 2015-06-03 00:09:02,195 ltg.evl.uic.poster.widgets.VideoZone touch - TOUCHED PZ: 556e0b13e1b8325b25001388
[INFO] 2015-06-03 00:09:02,209 ltg.evl.uic.poster.PosterMain logTouches - current time: 1433308142209 nano time: 229380105167370 touch: id: 0
source: MOUSE
raw x,y: 0.22, 0.24
fitted getX,Y: 282.00, 189.00
rounded : 282, 189
[INFO] 2015-06-03 00:09:02,214 ltg.evl.uic.poster.widgets.VideoZone touch - TOUCHED PZ: 556e0b13e1b8325b25001388
[INFO] 2015-06-03 00:09:02,226 ltg.evl.uic.poster.PosterMain logTouches - current time: 1433308142226 nano time: 229380122099197 touch: id: 0
source: MOUSE
raw x,y: 0.22, 0.24
fitted getX,Y: 282.00, 189.00
rounded : 282, 189
[INFO] 2015-06-03 00:09:02,229 ltg.evl.uic.poster.widgets.VideoZone touch - TOUCHED PZ: 556e0b13e1b8325b25001388
[INFO] 2015-06-03 00:09:02,243 ltg.evl.uic.poster.PosterMain logTouches - current time: 1433308142243 nano time: 229380138908693 touch: id: 0
source: MOUSE
raw x,y: 0.22, 0.24
fitted getX,Y: 282.00, 189.00
rounded : 282, 189
[INFO] 2015-06-03 00:09:02,245 ltg.evl.uic.poster.widgets.VideoZone touch - TOUCHED PZ: 556e0b13e1b8325b25001388
[INFO] 2015-06-03 00:09:02,260 ltg.evl.uic.poster.PosterMain logTouches - current time: 1433308142260 nano time: 229380156355078 touch: id: 0
source: MOUSE
raw x,y: 0.22, 0.24
fitted getX,Y: 282.00, 189.00
rounded : 282, 189
[INFO] 2015-06-03 00:09:02,263 ltg.evl.uic.poster.widgets.VideoZone touch - TOUCHED PZ: 556e0b13e1b8325b25001388
[INFO] 2015-06-03 00:09:03,001 ltg.evl.uic.poster.PosterMain logTouches - current time: 1433308143001 nano time: 229380897345516 touch: id: 0
source: MOUSE
raw x,y: 0.22, 0.24
fitted getX,Y: 282.00, 189.00
rounded : 282, 189
[INFO] 2015-06-03 00:09:03,008 ltg.evl.uic.poster.PosterMain logTouches - current time: 1433308143008 nano time: 229380904643762 touch: id: 0
source: MOUSE
raw x,y: 0.22, 0.24
fitted getX,Y: 282.00, 189.00
rounded : 282, 189
[INFO] 2015-06-03 00:09:03,011 ltg.evl.uic.poster.widgets.VideoZone touch - TOUCHED PZ: 556e0b13e1b8325b25001388
[INFO] 2015-06-03 00:09:03,026 ltg.evl.uic.poster.PosterMain logTouches - current time: 1433308143026 nano time: 229380922654622 touch: id: 0
source: MOUSE
raw x,y: 0.22, 0.24
fitted getX,Y: 282.00, 189.00
rounded : 282, 189
[INFO] 2015-06-03 00:09:03,030 ltg.evl.uic.poster.widgets.VideoZone touch - TOUCHED PZ: 556e0b13e1b8325b25001388
[INFO] 2015-06-03 00:09:03,042 ltg.evl.uic.poster.PosterMain logTouches - current time: 1433308143042 nano time: 229380938031230 touch: id: 0
source: MOUSE
raw x,y: 0.22, 0.24
fitted getX,Y: 282.00, 189.00
rounded : 282, 189
[INFO] 2015-06-03 00:09:03,045 ltg.evl.uic.poster.widgets.VideoZone touch - TOUCHED PZ: 556e0b13e1b8325b25001388
[INFO] 2015-06-03 00:09:11,773 ltg.evl.uic.poster.PosterMain logTouches - current time: 1433308151773 nano time: 229389668799997 touch: id: 0
source: MOUSE
raw x,y: 0.20, 0.23
fitted getX,Y: 259.00, 185.00
rounded : 259, 185
[INFO] 2015-06-03 00:09:11,779 ltg.evl.uic.poster.PosterMain logTouches - current time: 1433308151779 nano time: 229389675434169 touch: id: 0
source: MOUSE
raw x,y: 0.20, 0.23
fitted getX,Y: 259.00, 185.00
rounded : 259, 185
[INFO] 2015-06-03 00:09:11,784 ltg.evl.uic.poster.widgets.VideoZone touch - TOUCHED PZ: 556e0b13e1b8325b25001388
[INFO] 2015-06-03 00:09:11,795 ltg.evl.uic.poster.PosterMain logTouches - current time: 1433308151795 nano time: 229389691129173 touch: id: 0
source: MOUSE
raw x,y: 0.20, 0.23
fitted getX,Y: 259.00, 185.00
rounded : 259, 185
[INFO] 2015-06-03 00:09:11,799 ltg.evl.uic.poster.widgets.VideoZone touch - TOUCHED PZ: 556e0b13e1b8325b25001388
[INFO] 2015-06-03 00:09:11,812 ltg.evl.uic.poster.PosterMain logTouches - current time: 1433308151812 nano time: 229389708125179 touch: id: 0
source: MOUSE
raw x,y: 0.20, 0.23
fitted getX,Y: 259.00, 185.00
rounded : 259, 185
[INFO] 2015-06-03 00:09:11,815 ltg.evl.uic.poster.widgets.VideoZone touch - TOUCHED PZ: 556e0b13e1b8325b25001388
[INFO] 2015-06-03 00:09:11,832 ltg.evl.uic.poster.PosterMain logTouches - current time: 1433308151832 nano time: 229389728547613 touch: id: 0
source: MOUSE
raw x,y: 0.20, 0.23
fitted getX,Y: 259.00, 185.00
rounded : 259, 185
[INFO] 2015-06-03 00:09:11,835 ltg.evl.uic.poster.widgets.VideoZone touch - TOUCHED PZ: 556e0b13e1b8325b25001388
[INFO] 2015-06-03 00:09:11,846 ltg.evl.uic.poster.PosterMain logTouches - current time: 1433308151846 nano time: 229389742693232 touch: id: 0
source: MOUSE
raw x,y: 0.20, 0.23
fitted getX,Y: 259.00, 185.00
rounded : 259, 185
[INFO] 2015-06-03 00:09:11,851 ltg.evl.uic.poster.widgets.VideoZone touch - TOUCHED PZ: 556e0b13e1b8325b25001388
[INFO] 2015-06-03 00:09:11,868 ltg.evl.uic.poster.PosterMain logTouches - current time: 1433308151868 nano time: 229389764399289 touch: id: 0
source: MOUSE
raw x,y: 0.20, 0.23
fitted getX,Y: 259.00, 185.00
rounded : 259, 185
[INFO] 2015-06-03 00:09:11,871 ltg.evl.uic.poster.widgets.VideoZone touch - TOUCHED PZ: 556e0b13e1b8325b25001388
[INFO] 2015-06-03 00:09:11,887 ltg.evl.uic.poster.PosterMain logTouches - current time: 1433308151887 nano time: 229389783308666 touch: id: 0
source: MOUSE
raw x,y: 0.20, 0.23
fitted getX,Y: 259.00, 185.00
rounded : 259, 185
[INFO] 2015-06-03 00:09:11,889 ltg.evl.uic.poster.widgets.VideoZone touch - TOUCHED PZ: 556e0b13e1b8325b25001388
[INFO] 2015-06-03 00:09:11,916 ltg.evl.uic.poster.PosterMain logTouches - current time: 1433308151916 nano time: 229389812629393 touch: id: 0
source: MOUSE
raw x,y: 0.20, 0.23
fitted getX,Y: 259.00, 185.00
rounded : 259, 185
[INFO] 2015-06-03 00:09:11,926 ltg.evl.uic.poster.widgets.VideoZone touch - TOUCHED PZ: 556e0b13e1b8325b25001388
